<?xml version="1.0" encoding="UTF-8"?>
<testsuite xmlns:xsi="http://www.w3.org/2001/XMLSchema-instance" xsi:noNamespaceSchemaLocation="https://maven.apache.org/surefire/maven-surefire-plugin/xsd/surefire-test-report.xsd" name="jp.co.netprotections.controller.MemberJudgeControllerTest" time="0.015" tests="0" errors="0" skipped="0" failures="0">
  <properties>
    <property name="sun.desktop" value="windows"/>
    <property name="awt.toolkit" value="sun.awt.windows.WToolkit"/>
    <property name="file.encoding.pkg" value="sun.io"/>
    <property name="java.specification.version" value="1.8"/>
    <property name="sun.cpu.isalist" value="amd64"/>
    <property name="sun.jnu.encoding" value="MS932"/>
    <property name="java.class.path" value="C:\Users\t.miyazawa\Desktop\pleiades\workspace\bootcamp\target\test-classes;C:\Users\t.miyazawa\Desktop\pleiades\workspace\bootcamp\target\classes;C:\Users\t.miyazawa\.m2\repository\org\springframework\boot\spring-boot-starter-web\2.0.5.RELEASE\spring-boot-starter-web-2.0.5.RELEASE.jar;C:\Users\t.miyazawa\.m2\repository\org\springframework\boot\spring-boot-starter\2.0.5.RELEASE\spring-boot-starter-2.0.5.RELEASE.jar;C:\Users\t.miyazawa\.m2\repository\org\springframework\boot\spring-boot\2.0.5.RELEASE\spring-boot-2.0.5.RELEASE.jar;C:\Users\t.miyazawa\.m2\repository\org\springframework\boot\spring-boot-autoconfigure\2.0.5.RELEASE\spring-boot-autoconfigure-2.0.5.RELEASE.jar;C:\Users\t.miyazawa\.m2\repository\org\springframework\boot\spring-boot-starter-logging\2.0.5.RELEASE\spring-boot-starter-logging-2.0.5.RELEASE.jar;C:\Users\t.miyazawa\.m2\repository\ch\qos\logback\logback-classic\1.2.3\logback-classic-1.2.3.jar;C:\Users\t.miyazawa\.m2\repository\ch\qos\logback\logback-core\1.2.3\logback-core-1.2.3.jar;C:\Users\t.miyazawa\.m2\repository\org\slf4j\slf4j-api\1.7.25\slf4j-api-1.7.25.jar;C:\Users\t.miyazawa\.m2\repository\org\apache\logging\log4j\log4j-to-slf4j\2.10.0\log4j-to-slf4j-2.10.0.jar;C:\Users\t.miyazawa\.m2\repository\org\apache\logging\log4j\log4j-api\2.10.0\log4j-api-2.10.0.jar;C:\Users\t.miyazawa\.m2\repository\org\slf4j\jul-to-slf4j\1.7.25\jul-to-slf4j-1.7.25.jar;C:\Users\t.miyazawa\.m2\repository\javax\annotation\javax.annotation-api\1.3.2\javax.annotation-api-1.3.2.jar;C:\Users\t.miyazawa\.m2\repository\org\springframework\spring-core\5.0.9.RELEASE\spring-core-5.0.9.RELEASE.jar;C:\Users\t.miyazawa\.m2\repository\org\springframework\spring-jcl\5.0.9.RELEASE\spring-jcl-5.0.9.RELEASE.jar;C:\Users\t.miyazawa\.m2\repository\org\yaml\snakeyaml\1.19\snakeyaml-1.19.jar;C:\Users\t.miyazawa\.m2\repository\org\springframework\boot\spring-boot-starter-json\2.0.5.RELEASE\spring-boot-starter-json-2.0.5.RELEASE.jar;C:\Users\t.miyazawa\.m2\repository\com\fasterxml\jackson\core\jackson-databind\2.9.6\jackson-databind-2.9.6.jar;C:\Users\t.miyazawa\.m2\repository\com\fasterxml\jackson\core\jackson-annotations\2.9.0\jackson-annotations-2.9.0.jar;C:\Users\t.miyazawa\.m2\repository\com\fasterxml\jackson\core\jackson-core\2.9.6\jackson-core-2.9.6.jar;C:\Users\t.miyazawa\.m2\repository\com\fasterxml\jackson\datatype\jackson-datatype-jdk8\2.9.6\jackson-datatype-jdk8-2.9.6.jar;C:\Users\t.miyazawa\.m2\repository\com\fasterxml\jackson\datatype\jackson-datatype-jsr310\2.9.6\jackson-datatype-jsr310-2.9.6.jar;C:\Users\t.miyazawa\.m2\repository\com\fasterxml\jackson\module\jackson-module-parameter-names\2.9.6\jackson-module-parameter-names-2.9.6.jar;C:\Users\t.miyazawa\.m2\repository\org\springframework\boot\spring-boot-starter-tomcat\2.0.5.RELEASE\spring-boot-starter-tomcat-2.0.5.RELEASE.jar;C:\Users\t.miyazawa\.m2\repository\org\apache\tomcat\embed\tomcat-embed-core\8.5.34\tomcat-embed-core-8.5.34.jar;C:\Users\t.miyazawa\.m2\repository\org\apache\tomcat\embed\tomcat-embed-el\8.5.34\tomcat-embed-el-8.5.34.jar;C:\Users\t.miyazawa\.m2\repository\org\apache\tomcat\embed\tomcat-embed-websocket\8.5.34\tomcat-embed-websocket-8.5.34.jar;C:\Users\t.miyazawa\.m2\repository\org\hibernate\validator\hibernate-validator\6.0.12.Final\hibernate-validator-6.0.12.Final.jar;C:\Users\t.miyazawa\.m2\repository\javax\validation\validation-api\2.0.1.Final\validation-api-2.0.1.Final.jar;C:\Users\t.miyazawa\.m2\repository\org\jboss\logging\jboss-logging\3.3.2.Final\jboss-logging-3.3.2.Final.jar;C:\Users\t.miyazawa\.m2\repository\com\fasterxml\classmate\1.3.4\classmate-1.3.4.jar;C:\Users\t.miyazawa\.m2\repository\org\springframework\spring-web\5.0.9.RELEASE\spring-web-5.0.9.RELEASE.jar;C:\Users\t.miyazawa\.m2\repository\org\springframework\spring-beans\5.0.9.RELEASE\spring-beans-5.0.9.RELEASE.jar;C:\Users\t.miyazawa\.m2\repository\org\springframework\spring-webmvc\5.0.9.RELEASE\spring-webmvc-5.0.9.RELEASE.jar;C:\Users\t.miyazawa\.m2\repository\org\springframework\spring-aop\5.0.9.RELEASE\spring-aop-5.0.9.RELEASE.jar;C:\Users\t.miyazawa\.m2\repository\org\springframework\spring-context\5.0.9.RELEASE\spring-context-5.0.9.RELEASE.jar;C:\Users\t.miyazawa\.m2\repository\org\springframework\spring-expression\5.0.9.RELEASE\spring-expression-5.0.9.RELEASE.jar;"/>
    <property name="java.vm.vendor" value="Oracle Corporation"/>
    <property name="sun.arch.data.model" value="64"/>
    <property name="user.variant" value=""/>
    <property name="java.vendor.url" value="http://java.oracle.com/"/>
    <property name="user.timezone" value=""/>
    <property name="java.vm.specification.version" value="1.8"/>
    <property name="os.name" value="Windows 10"/>
    <property name="user.country" value="JP"/>
    <property name="sun.java.launcher" value="SUN_STANDARD"/>
    <property name="sun.boot.library.path" value="C:\Program Files\Java\jre1.8.0_172\bin"/>
    <property name="sun.java.command" value="C:\Users\T600D~1.MIY\AppData\Local\Temp\surefire1215586591458839119\surefirebooter8752064357525246836.jar C:\Users\t.miyazawa\AppData\Local\Temp\surefire1215586591458839119 2019-05-29T12-02-29_309-jvmRun1 surefire6363118579894239911tmp surefire_08542567908125645520tmp"/>
    <property name="surefire.test.class.path" value="C:\Users\t.miyazawa\Desktop\pleiades\workspace\bootcamp\target\test-classes;C:\Users\t.miyazawa\Desktop\pleiades\workspace\bootcamp\target\classes;C:\Users\t.miyazawa\.m2\repository\org\springframework\boot\spring-boot-starter-web\2.0.5.RELEASE\spring-boot-starter-web-2.0.5.RELEASE.jar;C:\Users\t.miyazawa\.m2\repository\org\springframework\boot\spring-boot-starter\2.0.5.RELEASE\spring-boot-starter-2.0.5.RELEASE.jar;C:\Users\t.miyazawa\.m2\repository\org\springframework\boot\spring-boot\2.0.5.RELEASE\spring-boot-2.0.5.RELEASE.jar;C:\Users\t.miyazawa\.m2\repository\org\springframework\boot\spring-boot-autoconfigure\2.0.5.RELEASE\spring-boot-autoconfigure-2.0.5.RELEASE.jar;C:\Users\t.miyazawa\.m2\repository\org\springframework\boot\spring-boot-starter-logging\2.0.5.RELEASE\spring-boot-starter-logging-2.0.5.RELEASE.jar;C:\Users\t.miyazawa\.m2\repository\ch\qos\logback\logback-classic\1.2.3\logback-classic-1.2.3.jar;C:\Users\t.miyazawa\.m2\repository\ch\qos\logback\logback-core\1.2.3\logback-core-1.2.3.jar;C:\Users\t.miyazawa\.m2\repository\org\slf4j\slf4j-api\1.7.25\slf4j-api-1.7.25.jar;C:\Users\t.miyazawa\.m2\repository\org\apache\logging\log4j\log4j-to-slf4j\2.10.0\log4j-to-slf4j-2.10.0.jar;C:\Users\t.miyazawa\.m2\repository\org\apache\logging\log4j\log4j-api\2.10.0\log4j-api-2.10.0.jar;C:\Users\t.miyazawa\.m2\repository\org\slf4j\jul-to-slf4j\1.7.25\jul-to-slf4j-1.7.25.jar;C:\Users\t.miyazawa\.m2\repository\javax\annotation\javax.annotation-api\1.3.2\javax.annotation-api-1.3.2.jar;C:\Users\t.miyazawa\.m2\repository\org\springframework\spring-core\5.0.9.RELEASE\spring-core-5.0.9.RELEASE.jar;C:\Users\t.miyazawa\.m2\repository\org\springframework\spring-jcl\5.0.9.RELEASE\spring-jcl-5.0.9.RELEASE.jar;C:\Users\t.miyazawa\.m2\repository\org\yaml\snakeyaml\1.19\snakeyaml-1.19.jar;C:\Users\t.miyazawa\.m2\repository\org\springframework\boot\spring-boot-starter-json\2.0.5.RELEASE\spring-boot-starter-json-2.0.5.RELEASE.jar;C:\Users\t.miyazawa\.m2\repository\com\fasterxml\jackson\core\jackson-databind\2.9.6\jackson-databind-2.9.6.jar;C:\Users\t.miyazawa\.m2\repository\com\fasterxml\jackson\core\jackson-annotations\2.9.0\jackson-annotations-2.9.0.jar;C:\Users\t.miyazawa\.m2\repository\com\fasterxml\jackson\core\jackson-core\2.9.6\jackson-core-2.9.6.jar;C:\Users\t.miyazawa\.m2\repository\com\fasterxml\jackson\datatype\jackson-datatype-jdk8\2.9.6\jackson-datatype-jdk8-2.9.6.jar;C:\Users\t.miyazawa\.m2\repository\com\fasterxml\jackson\datatype\jackson-datatype-jsr310\2.9.6\jackson-datatype-jsr310-2.9.6.jar;C:\Users\t.miyazawa\.m2\repository\com\fasterxml\jackson\module\jackson-module-parameter-names\2.9.6\jackson-module-parameter-names-2.9.6.jar;C:\Users\t.miyazawa\.m2\repository\org\springframework\boot\spring-boot-starter-tomcat\2.0.5.RELEASE\spring-boot-starter-tomcat-2.0.5.RELEASE.jar;C:\Users\t.miyazawa\.m2\repository\org\apache\tomcat\embed\tomcat-embed-core\8.5.34\tomcat-embed-core-8.5.34.jar;C:\Users\t.miyazawa\.m2\repository\org\apache\tomcat\embed\tomcat-embed-el\8.5.34\tomcat-embed-el-8.5.34.jar;C:\Users\t.miyazawa\.m2\repository\org\apache\tomcat\embed\tomcat-embed-websocket\8.5.34\tomcat-embed-websocket-8.5.34.jar;C:\Users\t.miyazawa\.m2\repository\org\hibernate\validator\hibernate-validator\6.0.12.Final\hibernate-validator-6.0.12.Final.jar;C:\Users\t.miyazawa\.m2\repository\javax\validation\validation-api\2.0.1.Final\validation-api-2.0.1.Final.jar;C:\Users\t.miyazawa\.m2\repository\org\jboss\logging\jboss-logging\3.3.2.Final\jboss-logging-3.3.2.Final.jar;C:\Users\t.miyazawa\.m2\repository\com\fasterxml\classmate\1.3.4\classmate-1.3.4.jar;C:\Users\t.miyazawa\.m2\repository\org\springframework\spring-web\5.0.9.RELEASE\spring-web-5.0.9.RELEASE.jar;C:\Users\t.miyazawa\.m2\repository\org\springframework\spring-beans\5.0.9.RELEASE\spring-beans-5.0.9.RELEASE.jar;C:\Users\t.miyazawa\.m2\repository\org\springframework\spring-webmvc\5.0.9.RELEASE\spring-webmvc-5.0.9.RELEASE.jar;C:\Users\t.miyazawa\.m2\repository\org\springframework\spring-aop\5.0.9.RELEASE\spring-aop-5.0.9.RELEASE.jar;C:\Users\t.miyazawa\.m2\repository\org\springframework\spring-context\5.0.9.RELEASE\spring-context-5.0.9.RELEASE.jar;C:\Users\t.miyazawa\.m2\repository\org\springframework\spring-expression\5.0.9.RELEASE\spring-expression-5.0.9.RELEASE.jar;"/>
    <property name="sun.cpu.endian" value="little"/>
    <property name="user.home" value="C:\Users\t.miyazawa"/>
    <property name="user.language" value="ja"/>
    <property name="java.specification.vendor" value="Oracle Corporation"/>
    <property name="java.home" value="C:\Program Files\Java\jre1.8.0_172"/>
    <property name="basedir" value="C:\Users\t.miyazawa\Desktop\pleiades\workspace\bootcamp"/>
    <property name="file.separator" value="\"/>
    <property name="line.separator" value="&#10;"/>
    <property name="java.vm.specification.vendor" value="Oracle Corporation"/>
    <property name="java.specification.name" value="Java Platform API Specification"/>
    <property name="java.awt.graphicsenv" value="sun.awt.Win32GraphicsEnvironment"/>
    <property name="surefire.real.class.path" value="C:\Users\T600D~1.MIY\AppData\Local\Temp\surefire1215586591458839119\surefirebooter8752064357525246836.jar"/>
    <property name="sun.boot.class.path" value="C:\Program Files\Java\jre1.8.0_172\lib\resources.jar;C:\Program Files\Java\jre1.8.0_172\lib\rt.jar;C:\Program Files\Java\jre1.8.0_172\lib\sunrsasign.jar;C:\Program Files\Java\jre1.8.0_172\lib\jsse.jar;C:\Program Files\Java\jre1.8.0_172\lib\jce.jar;C:\Program Files\Java\jre1.8.0_172\lib\charsets.jar;C:\Program Files\Java\jre1.8.0_172\lib\jfr.jar;C:\Program Files\Java\jre1.8.0_172\classes"/>
    <property name="user.script" value=""/>
    <property name="sun.management.compiler" value="HotSpot 64-Bit Tiered Compilers"/>
    <property name="java.runtime.version" value="1.8.0_172-b11"/>
    <property name="user.name" value="t.miyazawa"/>
    <property name="path.separator" value=";"/>
    <property name="os.version" value="10.0"/>
    <property name="java.endorsed.dirs" value="C:\Program Files\Java\jre1.8.0_172\lib\endorsed"/>
    <property name="java.runtime.name" value="Java(TM) SE Runtime Environment"/>
    <property name="file.encoding" value="MS932"/>
    <property name="java.vm.name" value="Java HotSpot(TM) 64-Bit Server VM"/>
    <property name="localRepository" value="C:\Users\t.miyazawa\.m2\repository"/>
    <property name="java.vendor.url.bug" value="http://bugreport.sun.com/bugreport/"/>
    <property name="java.io.tmpdir" value="C:\Users\T600D~1.MIY\AppData\Local\Temp\"/>
    <property name="java.version" value="1.8.0_172"/>
    <property name="user.dir" value="C:\Users\t.miyazawa\Desktop\pleiades\workspace\bootcamp"/>
    <property name="os.arch" value="amd64"/>
    <property name="java.vm.specification.name" value="Java Virtual Machine Specification"/>
    <property name="java.awt.printerjob" value="sun.awt.windows.WPrinterJob"/>
    <property name="sun.os.patch.level" value=""/>
    <property name="java.library.path" value="C:\Program Files\Java\jre1.8.0_172\bin;C:\Windows\Sun\Java\bin;C:\Windows\system32;C:\Windows;C:\Program Files (x86)\Common Files\Oracle\Java\javapath;C:\oracle\product\11.2.0\client_2\bin;c:\oracle\product\11.2.0\client_1\bin;C:\Program Files (x86)\Intel\iCLS Client\;C:\Program Files\Intel\iCLS Client\;C:\Windows\system32;C:\Windows;C:\Windows\System32\Wbem;C:\Windows\System32\WindowsPowerShell\v1.0\;C:\Program Files (x86)\Intel\Intel(R) Management Engine Components\DAL;C:\Program Files\Intel\Intel(R) Management Engine Components\DAL;C:\Program Files (x86)\Intel\Intel(R) Management Engine Components\IPT;C:\Program Files\Intel\Intel(R) Management Engine Components\IPT;C:\Program Files\Intel\WiFi\bin\;C:\Program Files\Common Files\Intel\WirelessCommon\;C:\Program Files (x86)\VAIO\VAIO BIOS Data Transfer Utility\;C:\Program Files\TortoiseSVN\bin;c:\Program Files (x86)\Microsoft SQL Server\110\Tools\Binn\;c:\Program Files\Microsoft SQL Server\110\Tools\Binn\;c:\Program Files\Microsoft SQL Server\110\DTS\Binn\;C:\Program Files\PuTTY\;C:\Program Files\nodejs\;C:\Program Files\PostgreSQL\9.5\bin;C:\Program Files (x86)\Gow\bin;C:\Program Files\heroku\bin;C:\Program Files\Java\jdk1.8.0_172\bin;C:\apache-maven-3.6.1\bin;C:\Ruby25-x64\bin;C:\Ruby23-x64\bin;C:\Users\t.miyazawa\AppData\Local\Microsoft\WindowsApps;C:\Users\t.miyazawa\AppData\Local\atom\bin;C:\Users\t.miyazawa\AppData\Local\Programs\Git\cmd;C:\Users\t.miyazawa\AppData\Roaming\npm;C:\Users\t.miyazawa\AppData\Local\Programs\Microsoft VS Code\bin;c:\Users\t.miyazawa\AppData\Local\Vim\vim81\gvim.exe;."/>
    <property name="java.vm.info" value="mixed mode"/>
    <property name="java.vendor" value="Oracle Corporation"/>
    <property name="java.vm.version" value="25.172-b11"/>
    <property name="java.ext.dirs" value="C:\Program Files\Java\jre1.8.0_172\lib\ext;C:\Windows\Sun\Java\lib\ext"/>
    <property name="sun.io.unicode.encoding" value="UnicodeLittle"/>
    <property name="java.class.version" value="52.0"/>
  </properties>
</testsuite>